mode: set
github.com/open-sesam/sesam/repo/bootstrap.go:36.79,37.40 1 1
github.com/open-sesam/sesam/repo/bootstrap.go:37.40,39.3 1 0
github.com/open-sesam/sesam/repo/bootstrap.go:40.2,41.16 2 1
github.com/open-sesam/sesam/repo/bootstrap.go:41.16,43.3 1 0
github.com/open-sesam/sesam/repo/bootstrap.go:45.2,46.16 2 1
github.com/open-sesam/sesam/repo/bootstrap.go:46.16,48.3 1 1
github.com/open-sesam/sesam/repo/bootstrap.go:50.2,50.23 1 1
github.com/open-sesam/sesam/repo/bootstrap.go:50.23,52.3 1 0
github.com/open-sesam/sesam/repo/bootstrap.go:54.2,55.16 2 1
github.com/open-sesam/sesam/repo/bootstrap.go:55.16,57.3 1 1
github.com/open-sesam/sesam/repo/bootstrap.go:59.2,60.16 2 1
github.com/open-sesam/sesam/repo/bootstrap.go:60.16,62.3 1 0
github.com/open-sesam/sesam/repo/bootstrap.go:64.2,66.6 3 1
github.com/open-sesam/sesam/repo/bootstrap.go:66.6,67.73 1 1
github.com/open-sesam/sesam/repo/bootstrap.go:67.73,69.4 1 1
github.com/open-sesam/sesam/repo/bootstrap.go:71.3,71.30 1 1
github.com/open-sesam/sesam/repo/bootstrap.go:71.30,72.9 1 1
github.com/open-sesam/sesam/repo/bootstrap.go:75.3,76.24 2 1
github.com/open-sesam/sesam/repo/bootstrap.go:76.24,77.9 1 0
github.com/open-sesam/sesam/repo/bootstrap.go:79.3,79.19 1 1
github.com/open-sesam/sesam/repo/bootstrap.go:82.2,82.30 1 1
github.com/open-sesam/sesam/repo/bootstrap.go:86.56,89.2 2 1
github.com/open-sesam/sesam/repo/bootstrap.go:91.44,95.47 3 1
github.com/open-sesam/sesam/repo/bootstrap.go:95.47,97.3 1 1
github.com/open-sesam/sesam/repo/bootstrap.go:97.8,97.32 1 1
github.com/open-sesam/sesam/repo/bootstrap.go:97.32,99.3 1 0
github.com/open-sesam/sesam/repo/bootstrap.go:101.2,101.45 1 1
github.com/open-sesam/sesam/repo/bootstrap.go:101.45,103.3 1 1
github.com/open-sesam/sesam/repo/bootstrap.go:103.8,103.32 1 1
github.com/open-sesam/sesam/repo/bootstrap.go:103.32,105.3 1 0
github.com/open-sesam/sesam/repo/bootstrap.go:107.2,107.12 1 1
github.com/open-sesam/sesam/repo/bootstrap.go:110.45,117.27 2 1
github.com/open-sesam/sesam/repo/bootstrap.go:117.27,118.49 1 1
github.com/open-sesam/sesam/repo/bootstrap.go:118.49,120.4 1 0
github.com/open-sesam/sesam/repo/bootstrap.go:123.2,123.52 1 1
github.com/open-sesam/sesam/repo/bootstrap.go:123.52,125.3 1 0
github.com/open-sesam/sesam/repo/bootstrap.go:127.2,128.12 2 1
github.com/open-sesam/sesam/repo/bootstrap.go:131.47,133.53 2 1
github.com/open-sesam/sesam/repo/bootstrap.go:133.53,134.75 1 1
github.com/open-sesam/sesam/repo/bootstrap.go:134.75,136.4 1 0
github.com/open-sesam/sesam/repo/bootstrap.go:137.8,137.23 1 0
github.com/open-sesam/sesam/repo/bootstrap.go:137.23,139.3 1 0
github.com/open-sesam/sesam/repo/bootstrap.go:141.2,141.12 1 1
github.com/open-sesam/sesam/repo/bootstrap.go:144.92,145.47 1 1
github.com/open-sesam/sesam/repo/bootstrap.go:145.47,147.3 1 0
github.com/open-sesam/sesam/repo/bootstrap.go:147.8,147.32 1 1
github.com/open-sesam/sesam/repo/bootstrap.go:147.32,149.3 1 0
github.com/open-sesam/sesam/repo/bootstrap.go:151.2,151.69 1 1
github.com/open-sesam/sesam/repo/bootstrap.go:151.69,153.3 1 0
github.com/open-sesam/sesam/repo/bootstrap.go:155.2,160.16 2 1
github.com/open-sesam/sesam/repo/bootstrap.go:160.16,162.3 1 0
github.com/open-sesam/sesam/repo/bootstrap.go:164.2,172.16 3 1
github.com/open-sesam/sesam/repo/bootstrap.go:172.16,174.3 1 0
github.com/open-sesam/sesam/repo/bootstrap.go:176.2,176.75 1 1
github.com/open-sesam/sesam/repo/bootstrap.go:176.75,178.3 1 0
github.com/open-sesam/sesam/repo/bootstrap.go:180.2,181.12 2 1
github.com/open-sesam/sesam/repo/bootstrap.go:184.43,187.2 2 1
github.com/open-sesam/sesam/repo/bootstrap.go:189.52,192.2 2 1
github.com/open-sesam/sesam/repo/bootstrap.go:194.56,197.2 2 1
github.com/open-sesam/sesam/repo/bootstrap.go:199.64,201.16 2 1
github.com/open-sesam/sesam/repo/bootstrap.go:201.16,203.3 1 0
github.com/open-sesam/sesam/repo/bootstrap.go:205.2,213.61 7 1
github.com/open-sesam/sesam/repo/bootstrap.go:213.61,215.3 1 0
github.com/open-sesam/sesam/repo/bootstrap.go:220.2,221.16 2 1
github.com/open-sesam/sesam/repo/bootstrap.go:221.16,223.3 1 0
github.com/open-sesam/sesam/repo/bootstrap.go:224.2,225.16 2 1
github.com/open-sesam/sesam/repo/bootstrap.go:225.16,227.3 1 0
github.com/open-sesam/sesam/repo/bootstrap.go:228.2,229.16 2 1
github.com/open-sesam/sesam/repo/bootstrap.go:229.16,231.3 1 0
github.com/open-sesam/sesam/repo/bootstrap.go:232.2,233.16 2 1
github.com/open-sesam/sesam/repo/bootstrap.go:233.16,235.3 1 0
github.com/open-sesam/sesam/repo/bootstrap.go:237.2,237.22 1 1
github.com/open-sesam/sesam/repo/bootstrap.go:237.22,243.3 4 1
github.com/open-sesam/sesam/repo/bootstrap.go:245.2,245.24 1 1
github.com/open-sesam/sesam/repo/bootstrap.go:245.24,257.3 2 1
github.com/open-sesam/sesam/repo/bootstrap.go:259.2,259.22 1 1
github.com/open-sesam/sesam/repo/bootstrap.go:259.22,265.3 1 1
github.com/open-sesam/sesam/repo/bootstrap.go:267.2,267.41 1 1
github.com/open-sesam/sesam/repo/bootstrap.go:267.41,269.3 1 0
github.com/open-sesam/sesam/repo/bootstrap.go:271.2,271.12 1 1
github.com/open-sesam/sesam/repo/bootstrap.go:283.83,285.16 2 1
github.com/open-sesam/sesam/repo/bootstrap.go:285.16,287.3 1 0
github.com/open-sesam/sesam/repo/bootstrap.go:288.2,289.29 2 1
github.com/open-sesam/sesam/repo/bootstrap.go:289.29,291.3 1 0
github.com/open-sesam/sesam/repo/bootstrap.go:292.2,293.38 2 1
github.com/open-sesam/sesam/repo/bootstrap.go:296.70,298.16 2 1
github.com/open-sesam/sesam/repo/bootstrap.go:298.16,300.3 1 0
github.com/open-sesam/sesam/repo/bootstrap.go:301.2,302.16 2 1
github.com/open-sesam/sesam/repo/bootstrap.go:302.16,304.3 1 0
github.com/open-sesam/sesam/repo/bootstrap.go:305.2,306.16 2 1
github.com/open-sesam/sesam/repo/bootstrap.go:306.16,308.3 1 0
github.com/open-sesam/sesam/repo/bootstrap.go:309.2,309.35 1 1
github.com/open-sesam/sesam/repo/bootstrap.go:317.34,319.22 2 1
github.com/open-sesam/sesam/repo/bootstrap.go:319.22,320.10 1 1
github.com/open-sesam/sesam/repo/bootstrap.go:324.38,325.12 1 1
github.com/open-sesam/sesam/repo/bootstrap.go:326.11,327.57 1 1
github.com/open-sesam/sesam/repo/bootstrap.go:330.2,330.10 1 1
github.com/open-sesam/sesam/repo/bootstrap.go:333.71,336.48 3 1
github.com/open-sesam/sesam/repo/bootstrap.go:336.48,338.3 1 1
github.com/open-sesam/sesam/repo/bootstrap.go:338.8,338.31 1 1
github.com/open-sesam/sesam/repo/bootstrap.go:338.31,340.3 1 1
github.com/open-sesam/sesam/repo/bootstrap.go:340.8,340.32 1 0
github.com/open-sesam/sesam/repo/bootstrap.go:340.32,342.3 1 0
github.com/open-sesam/sesam/repo/bootstrap.go:344.2,347.52 3 1
github.com/open-sesam/sesam/repo/bootstrap.go:347.52,349.17 2 1
github.com/open-sesam/sesam/repo/bootstrap.go:349.17,350.12 1 1
github.com/open-sesam/sesam/repo/bootstrap.go:353.3,353.81 1 1
github.com/open-sesam/sesam/repo/bootstrap.go:353.81,354.12 1 1
github.com/open-sesam/sesam/repo/bootstrap.go:357.3,357.58 1 1
github.com/open-sesam/sesam/repo/bootstrap.go:357.58,359.4 1 1
github.com/open-sesam/sesam/repo/bootstrap.go:361.3,362.22 2 1
github.com/open-sesam/sesam/repo/bootstrap.go:365.2,365.28 1 1
github.com/open-sesam/sesam/repo/bootstrap.go:365.28,366.18 1 1
github.com/open-sesam/sesam/repo/bootstrap.go:366.18,367.75 1 0
github.com/open-sesam/sesam/repo/bootstrap.go:367.75,369.5 1 0
github.com/open-sesam/sesam/repo/bootstrap.go:372.3,372.13 1 1
github.com/open-sesam/sesam/repo/bootstrap.go:375.2,375.75 1 1
github.com/open-sesam/sesam/repo/bootstrap.go:375.75,377.3 1 0
github.com/open-sesam/sesam/repo/bootstrap.go:379.2,379.12 1 1
github.com/open-sesam/sesam/repo/bootstrap.go:382.47,384.47 2 1
github.com/open-sesam/sesam/repo/bootstrap.go:384.47,386.3 1 0
github.com/open-sesam/sesam/repo/bootstrap.go:386.8,386.32 1 1
github.com/open-sesam/sesam/repo/bootstrap.go:386.32,388.3 1 0
github.com/open-sesam/sesam/repo/bootstrap.go:390.2,390.91 1 1
github.com/open-sesam/sesam/repo/bootstrap.go:390.91,392.3 1 0
github.com/open-sesam/sesam/repo/bootstrap.go:394.2,395.12 2 1
github.com/open-sesam/sesam/repo/bootstrap.go:398.75,407.16 3 1
github.com/open-sesam/sesam/repo/bootstrap.go:407.16,410.3 2 0
github.com/open-sesam/sesam/repo/bootstrap.go:412.2,413.33 2 1
github.com/open-sesam/sesam/repo/bootstrap.go:413.33,415.17 2 1
github.com/open-sesam/sesam/repo/bootstrap.go:415.17,417.12 2 0
github.com/open-sesam/sesam/repo/bootstrap.go:420.3,420.39 1 1
github.com/open-sesam/sesam/repo/bootstrap.go:420.39,422.12 2 0
github.com/open-sesam/sesam/repo/bootstrap.go:425.3,425.44 1 1
github.com/open-sesam/sesam/repo/bootstrap.go:425.44,427.4 1 0
github.com/open-sesam/sesam/repo/bootstrap.go:430.2,430.12 1 1
github.com/open-sesam/sesam/repo/bootstrap.go:433.56,435.16 2 1
github.com/open-sesam/sesam/repo/bootstrap.go:435.16,437.3 1 0
github.com/open-sesam/sesam/repo/bootstrap.go:439.2,439.38 1 1
github.com/open-sesam/sesam/repo/bootstrap.go:439.38,441.3 1 0
github.com/open-sesam/sesam/repo/bootstrap.go:443.2,443.15 1 1
github.com/open-sesam/sesam/repo/bootstrap.go:443.15,445.3 1 1
github.com/open-sesam/sesam/repo/bootstrap.go:447.2,447.13 1 1
github.com/open-sesam/sesam/repo/clean.go:20.104,22.16 2 1
github.com/open-sesam/sesam/repo/clean.go:22.16,24.3 1 0
github.com/open-sesam/sesam/repo/clean.go:25.2,25.64 1 1
github.com/open-sesam/sesam/repo/clean.go:30.123,31.33 1 1
github.com/open-sesam/sesam/repo/clean.go:31.33,35.21 3 1
github.com/open-sesam/sesam/repo/clean.go:35.21,38.18 3 0
github.com/open-sesam/sesam/repo/clean.go:38.18,40.5 1 0
github.com/open-sesam/sesam/repo/clean.go:43.3,43.12 1 1
github.com/open-sesam/sesam/repo/clean.go:43.12,44.85 1 1
github.com/open-sesam/sesam/repo/clean.go:44.85,46.5 1 0
github.com/open-sesam/sesam/repo/clean.go:50.2,50.12 1 1
github.com/open-sesam/sesam/repo/clean.go:58.126,61.94 2 1
github.com/open-sesam/sesam/repo/clean.go:61.94,62.21 1 1
github.com/open-sesam/sesam/repo/clean.go:62.21,64.4 1 0
github.com/open-sesam/sesam/repo/clean.go:66.3,68.17 3 1
github.com/open-sesam/sesam/repo/clean.go:68.17,70.4 1 0
github.com/open-sesam/sesam/repo/clean.go:72.3,72.18 1 1
github.com/open-sesam/sesam/repo/clean.go:72.18,73.20 1 1
github.com/open-sesam/sesam/repo/clean.go:73.20,75.5 1 1
github.com/open-sesam/sesam/repo/clean.go:77.4,77.19 1 1
github.com/open-sesam/sesam/repo/clean.go:77.19,79.5 1 1
github.com/open-sesam/sesam/repo/clean.go:81.4,81.23 1 1
github.com/open-sesam/sesam/repo/clean.go:82.9,83.61 1 1
github.com/open-sesam/sesam/repo/clean.go:83.61,85.51 2 1
github.com/open-sesam/sesam/repo/clean.go:85.51,86.11 1 1
github.com/open-sesam/sesam/repo/clean.go:91.3,91.13 1 1
github.com/open-sesam/sesam/repo/clean.go:92.17,94.3 1 0
github.com/open-sesam/sesam/repo/clean.go:96.2,97.51 2 1
github.com/open-sesam/sesam/repo/clean.go:97.51,100.3 1 1
github.com/open-sesam/sesam/repo/clean.go:102.2,103.37 2 1
github.com/open-sesam/sesam/repo/clean.go:103.37,106.21 3 1
github.com/open-sesam/sesam/repo/clean.go:106.21,109.18 3 0
github.com/open-sesam/sesam/repo/clean.go:109.18,111.5 1 0
github.com/open-sesam/sesam/repo/clean.go:113.3,113.13 1 1
github.com/open-sesam/sesam/repo/clean.go:113.13,114.12 1 0
github.com/open-sesam/sesam/repo/clean.go:116.3,116.41 1 1
github.com/open-sesam/sesam/repo/clean.go:116.41,118.4 1 0
github.com/open-sesam/sesam/repo/clean.go:119.3,119.38 1 1
github.com/open-sesam/sesam/repo/clean.go:122.2,122.21 1 1
github.com/open-sesam/sesam/repo/clean.go:141.9,144.16 3 1
github.com/open-sesam/sesam/repo/clean.go:144.16,146.3 1 0
github.com/open-sesam/sesam/repo/clean.go:148.2,148.73 1 1
github.com/open-sesam/sesam/repo/clean.go:148.73,150.3 1 1
github.com/open-sesam/sesam/repo/clean.go:152.2,153.28 2 1
github.com/open-sesam/sesam/repo/clean.go:153.28,155.17 2 1
github.com/open-sesam/sesam/repo/clean.go:155.17,157.4 1 1
github.com/open-sesam/sesam/repo/clean.go:160.2,161.16 2 1
github.com/open-sesam/sesam/repo/clean.go:161.16,163.3 1 0
github.com/open-sesam/sesam/repo/clean.go:165.2,166.32 2 1
github.com/open-sesam/sesam/repo/clean.go:166.32,168.3 1 1
github.com/open-sesam/sesam/repo/clean.go:170.2,170.93 1 1
github.com/open-sesam/sesam/repo/clean.go:170.93,171.21 1 1
github.com/open-sesam/sesam/repo/clean.go:171.21,173.4 1 0
github.com/open-sesam/sesam/repo/clean.go:174.3,174.23 1 1
github.com/open-sesam/sesam/repo/clean.go:174.23,176.4 1 1
github.com/open-sesam/sesam/repo/clean.go:177.3,177.16 1 1
github.com/open-sesam/sesam/repo/clean.go:177.16,179.25 2 1
github.com/open-sesam/sesam/repo/clean.go:179.25,181.5 1 1
github.com/open-sesam/sesam/repo/clean.go:182.4,182.27 1 1
github.com/open-sesam/sesam/repo/clean.go:182.27,184.5 1 1
github.com/open-sesam/sesam/repo/clean.go:185.4,185.14 1 1
github.com/open-sesam/sesam/repo/clean.go:187.3,187.28 1 1
github.com/open-sesam/sesam/repo/clean.go:187.28,189.4 1 0
github.com/open-sesam/sesam/repo/clean.go:191.3,192.17 2 1
github.com/open-sesam/sesam/repo/clean.go:192.17,194.4 1 0
github.com/open-sesam/sesam/repo/clean.go:196.3,196.32 1 1
github.com/open-sesam/sesam/repo/clean.go:196.32,198.4 1 1
github.com/open-sesam/sesam/repo/clean.go:200.3,200.21 1 1
github.com/open-sesam/sesam/repo/clean.go:200.21,202.4 1 0
github.com/open-sesam/sesam/repo/clean.go:204.3,205.21 2 1
github.com/open-sesam/sesam/repo/clean.go:205.21,207.18 2 0
github.com/open-sesam/sesam/repo/clean.go:207.18,209.5 1 0
github.com/open-sesam/sesam/repo/clean.go:212.3,212.12 1 1
github.com/open-sesam/sesam/repo/clean.go:212.12,213.42 1 1
github.com/open-sesam/sesam/repo/clean.go:213.42,215.5 1 0
github.com/open-sesam/sesam/repo/clean.go:216.4,216.74 1 1
github.com/open-sesam/sesam/repo/clean.go:218.3,218.13 1 1
github.com/open-sesam/sesam/repo/clean.go:219.17,221.3 1 0
github.com/open-sesam/sesam/repo/clean.go:226.2,230.12 2 1
github.com/open-sesam/sesam/repo/lock.go:15.36,19.44 3 1
github.com/open-sesam/sesam/repo/lock.go:19.44,21.3 1 1
github.com/open-sesam/sesam/repo/lock.go:23.2,24.16 2 1
github.com/open-sesam/sesam/repo/lock.go:24.16,26.3 1 0
github.com/open-sesam/sesam/repo/lock.go:27.2,28.12 2 1
github.com/open-sesam/sesam/repo/lock.go:31.84,37.16 5 1
github.com/open-sesam/sesam/repo/lock.go:37.16,39.3 1 1
github.com/open-sesam/sesam/repo/lock.go:41.2,41.13 1 1
github.com/open-sesam/sesam/repo/lock.go:41.13,43.3 1 0
github.com/open-sesam/sesam/repo/lock.go:45.2,45.16 1 1
github.com/open-sesam/sesam/repo/repo.go:72.50,73.27 1 1
github.com/open-sesam/sesam/repo/repo.go:73.27,75.3 1 1
github.com/open-sesam/sesam/repo/repo.go:76.2,76.25 1 1
github.com/open-sesam/sesam/repo/repo.go:79.48,80.22 1 1
github.com/open-sesam/sesam/repo/repo.go:80.22,82.3 1 1
github.com/open-sesam/sesam/repo/repo.go:83.2,83.41 1 1
github.com/open-sesam/sesam/repo/repo.go:87.85,89.23 2 1
github.com/open-sesam/sesam/repo/repo.go:89.23,91.3 1 1
github.com/open-sesam/sesam/repo/repo.go:93.2,93.69 1 1
github.com/open-sesam/sesam/repo/repo.go:100.56,102.2 1 1
github.com/open-sesam/sesam/repo/repo.go:110.110,111.60 1 1
github.com/open-sesam/sesam/repo/repo.go:111.60,113.3 1 1
github.com/open-sesam/sesam/repo/repo.go:115.2,116.16 2 1
github.com/open-sesam/sesam/repo/repo.go:116.16,118.3 1 1
github.com/open-sesam/sesam/repo/repo.go:120.2,120.51 1 1
github.com/open-sesam/sesam/repo/repo.go:120.51,122.3 1 1
github.com/open-sesam/sesam/repo/repo.go:127.2,129.15 3 1
github.com/open-sesam/sesam/repo/repo.go:129.15,130.15 1 1
github.com/open-sesam/sesam/repo/repo.go:130.15,136.4 3 0
github.com/open-sesam/sesam/repo/repo.go:139.2,140.16 2 1
github.com/open-sesam/sesam/repo/repo.go:140.16,142.3 1 0
github.com/open-sesam/sesam/repo/repo.go:143.2,145.53 2 1
github.com/open-sesam/sesam/repo/repo.go:145.53,147.3 1 0
github.com/open-sesam/sesam/repo/repo.go:149.2,149.40 1 1
github.com/open-sesam/sesam/repo/repo.go:149.40,151.3 1 0
github.com/open-sesam/sesam/repo/repo.go:153.2,154.104 2 1
github.com/open-sesam/sesam/repo/repo.go:154.104,156.3 1 0
github.com/open-sesam/sesam/repo/repo.go:158.2,159.16 2 1
github.com/open-sesam/sesam/repo/repo.go:159.16,161.3 1 0
github.com/open-sesam/sesam/repo/repo.go:162.2,165.16 3 1
github.com/open-sesam/sesam/repo/repo.go:165.16,167.3 1 0
github.com/open-sesam/sesam/repo/repo.go:168.2,172.16 4 1
github.com/open-sesam/sesam/repo/repo.go:172.16,174.3 1 0
github.com/open-sesam/sesam/repo/repo.go:175.2,178.16 3 1
github.com/open-sesam/sesam/repo/repo.go:178.16,180.3 1 0
github.com/open-sesam/sesam/repo/repo.go:182.2,183.16 2 1
github.com/open-sesam/sesam/repo/repo.go:183.16,185.3 1 0
github.com/open-sesam/sesam/repo/repo.go:187.2,187.60 1 1
github.com/open-sesam/sesam/repo/repo.go:187.60,189.3 1 0
github.com/open-sesam/sesam/repo/repo.go:190.2,190.64 1 1
github.com/open-sesam/sesam/repo/repo.go:190.64,192.3 1 0
github.com/open-sesam/sesam/repo/repo.go:193.2,193.62 1 1
github.com/open-sesam/sesam/repo/repo.go:193.62,195.3 1 0
github.com/open-sesam/sesam/repo/repo.go:196.2,196.55 1 1
github.com/open-sesam/sesam/repo/repo.go:196.55,198.3 1 0
github.com/open-sesam/sesam/repo/repo.go:200.2,200.53 1 1
github.com/open-sesam/sesam/repo/repo.go:200.53,202.3 1 1
github.com/open-sesam/sesam/repo/repo.go:202.17,204.3 1 0
github.com/open-sesam/sesam/repo/repo.go:206.2,206.55 1 1
github.com/open-sesam/sesam/repo/repo.go:206.55,208.3 1 0
github.com/open-sesam/sesam/repo/repo.go:210.2,210.43 1 1
github.com/open-sesam/sesam/repo/repo.go:210.43,212.3 1 0
github.com/open-sesam/sesam/repo/repo.go:214.2,214.73 1 1
github.com/open-sesam/sesam/repo/repo.go:214.73,216.3 1 0
github.com/open-sesam/sesam/repo/repo.go:218.2,219.15 2 1
github.com/open-sesam/sesam/repo/repo.go:224.83,226.16 2 1
github.com/open-sesam/sesam/repo/repo.go:226.16,228.3 1 1
github.com/open-sesam/sesam/repo/repo.go:230.2,231.16 2 1
github.com/open-sesam/sesam/repo/repo.go:231.16,233.3 1 0
github.com/open-sesam/sesam/repo/repo.go:235.2,237.15 3 1
github.com/open-sesam/sesam/repo/repo.go:237.15,238.15 1 1
github.com/open-sesam/sesam/repo/repo.go:238.15,240.4 1 1
github.com/open-sesam/sesam/repo/repo.go:243.2,243.40 1 1
github.com/open-sesam/sesam/repo/repo.go:243.40,245.3 1 1
github.com/open-sesam/sesam/repo/repo.go:247.2,248.16 2 1
github.com/open-sesam/sesam/repo/repo.go:248.16,250.3 1 1
github.com/open-sesam/sesam/repo/repo.go:251.2,256.16 4 1
github.com/open-sesam/sesam/repo/repo.go:256.16,258.3 1 1
github.com/open-sesam/sesam/repo/repo.go:259.2,262.16 3 0
github.com/open-sesam/sesam/repo/repo.go:262.16,264.3 1 0
github.com/open-sesam/sesam/repo/repo.go:265.2,268.16 3 0
github.com/open-sesam/sesam/repo/repo.go:268.16,270.3 1 0
github.com/open-sesam/sesam/repo/repo.go:272.2,273.16 2 0
github.com/open-sesam/sesam/repo/repo.go:273.16,275.3 1 0
github.com/open-sesam/sesam/repo/repo.go:277.2,278.16 2 0
github.com/open-sesam/sesam/repo/repo.go:278.16,280.3 1 0
github.com/open-sesam/sesam/repo/repo.go:282.2,283.16 2 0
github.com/open-sesam/sesam/repo/repo.go:283.16,285.3 1 0
github.com/open-sesam/sesam/repo/repo.go:287.2,288.15 2 0
github.com/open-sesam/sesam/repo/repo.go:291.128,300.2 1 1
github.com/open-sesam/sesam/repo/repo.go:303.34,305.2 1 1
github.com/open-sesam/sesam/repo/repo.go:307.32,309.2 1 1
github.com/open-sesam/sesam/repo/repo.go:313.30,318.23 4 1
github.com/open-sesam/sesam/repo/repo.go:318.23,319.44 1 1
github.com/open-sesam/sesam/repo/repo.go:319.44,321.4 1 0
github.com/open-sesam/sesam/repo/repo.go:322.3,322.19 1 1
github.com/open-sesam/sesam/repo/repo.go:324.2,324.21 1 1
github.com/open-sesam/sesam/repo/repo.go:324.21,325.42 1 1
github.com/open-sesam/sesam/repo/repo.go:325.42,327.4 1 0
github.com/open-sesam/sesam/repo/repo.go:328.3,328.17 1 1
github.com/open-sesam/sesam/repo/repo.go:330.2,330.19 1 1
github.com/open-sesam/sesam/repo/repo.go:330.19,331.60 1 1
github.com/open-sesam/sesam/repo/repo.go:331.60,333.4 1 0
github.com/open-sesam/sesam/repo/repo.go:334.3,334.15 1 1
github.com/open-sesam/sesam/repo/repo.go:336.2,336.17 1 1
github.com/open-sesam/sesam/repo/repo.go:343.57,347.18 3 1
github.com/open-sesam/sesam/repo/repo.go:347.18,349.3 1 0
github.com/open-sesam/sesam/repo/repo.go:351.2,351.65 1 1
github.com/open-sesam/sesam/repo/repo.go:355.61,359.18 3 1
github.com/open-sesam/sesam/repo/repo.go:359.18,361.3 1 0
github.com/open-sesam/sesam/repo/repo.go:363.2,363.69 1 1
github.com/open-sesam/sesam/repo/repo.go:367.34,371.18 3 1
github.com/open-sesam/sesam/repo/repo.go:371.18,373.3 1 0
github.com/open-sesam/sesam/repo/repo.go:375.2,375.45 1 1
github.com/open-sesam/sesam/repo/repo.go:375.45,377.3 1 0
github.com/open-sesam/sesam/repo/repo.go:378.2,378.12 1 1
github.com/open-sesam/sesam/repo/repo.go:382.32,386.18 3 1
github.com/open-sesam/sesam/repo/repo.go:386.18,388.3 1 0
github.com/open-sesam/sesam/repo/repo.go:390.2,390.43 1 1
github.com/open-sesam/sesam/repo/repo.go:390.43,392.3 1 0
github.com/open-sesam/sesam/repo/repo.go:393.2,393.12 1 1
github.com/open-sesam/sesam/repo/repo.go:420.65,424.18 3 1
github.com/open-sesam/sesam/repo/repo.go:424.18,426.3 1 0
github.com/open-sesam/sesam/repo/repo.go:428.2,428.21 1 1
github.com/open-sesam/sesam/repo/repo.go:428.21,435.3 1 1
github.com/open-sesam/sesam/repo/repo.go:437.2,441.16 1 1
github.com/open-sesam/sesam/repo/repo.go:441.16,443.3 1 0
github.com/open-sesam/sesam/repo/repo.go:445.2,450.12 2 1
github.com/open-sesam/sesam/repo/repo.go:459.67,463.18 3 1
github.com/open-sesam/sesam/repo/repo.go:463.18,465.3 1 0
github.com/open-sesam/sesam/repo/repo.go:467.2,467.35 1 1
github.com/open-sesam/sesam/repo/repo.go:473.94,477.18 3 1
github.com/open-sesam/sesam/repo/repo.go:477.18,479.3 1 0
github.com/open-sesam/sesam/repo/repo.go:481.2,481.71 1 1
github.com/open-sesam/sesam/repo/repo.go:481.71,483.3 1 0
github.com/open-sesam/sesam/repo/repo.go:485.2,485.68 1 1
github.com/open-sesam/sesam/repo/repo.go:485.68,487.3 1 0
github.com/open-sesam/sesam/repo/repo.go:488.2,488.28 1 1
github.com/open-sesam/sesam/repo/repo.go:493.44,497.18 3 1
github.com/open-sesam/sesam/repo/repo.go:497.18,499.3 1 0
github.com/open-sesam/sesam/repo/repo.go:501.2,501.47 1 1
github.com/open-sesam/sesam/repo/repo.go:501.47,503.3 1 0
github.com/open-sesam/sesam/repo/repo.go:505.2,505.48 1 1
github.com/open-sesam/sesam/repo/repo.go:505.48,507.3 1 0
github.com/open-sesam/sesam/repo/repo.go:508.2,508.28 1 1
github.com/open-sesam/sesam/repo/repo.go:514.39,515.23 1 1
github.com/open-sesam/sesam/repo/repo.go:515.23,517.3 1 0
github.com/open-sesam/sesam/repo/repo.go:518.2,518.37 1 1
github.com/open-sesam/sesam/repo/repo.go:523.55,525.16 2 1
github.com/open-sesam/sesam/repo/repo.go:525.16,527.3 1 0
github.com/open-sesam/sesam/repo/repo.go:528.2,528.17 1 1
github.com/open-sesam/sesam/repo/repo.go:539.77,540.29 1 1
github.com/open-sesam/sesam/repo/repo.go:540.29,542.3 1 1
github.com/open-sesam/sesam/repo/repo.go:543.2,543.22 1 1
github.com/open-sesam/sesam/repo/repo.go:543.22,545.3 1 1
github.com/open-sesam/sesam/repo/repo.go:547.2,550.18 3 1
github.com/open-sesam/sesam/repo/repo.go:550.18,552.3 1 0
github.com/open-sesam/sesam/repo/repo.go:554.2,554.49 1 1
github.com/open-sesam/sesam/repo/repo.go:554.49,558.35 2 1
github.com/open-sesam/sesam/repo/repo.go:558.35,561.18 3 1
github.com/open-sesam/sesam/repo/repo.go:561.18,563.5 1 0
github.com/open-sesam/sesam/repo/repo.go:564.4,564.35 1 1
github.com/open-sesam/sesam/repo/repo.go:568.3,568.29 1 1
github.com/open-sesam/sesam/repo/repo.go:568.29,570.18 2 1
github.com/open-sesam/sesam/repo/repo.go:570.18,572.5 1 0
github.com/open-sesam/sesam/repo/repo.go:573.4,573.58 1 1
github.com/open-sesam/sesam/repo/repo.go:573.58,575.5 1 0
github.com/open-sesam/sesam/repo/repo.go:579.3,579.21 1 1
github.com/open-sesam/sesam/repo/repo.go:579.21,580.45 1 1
github.com/open-sesam/sesam/repo/repo.go:580.45,582.5 1 0
github.com/open-sesam/sesam/repo/repo.go:584.3,584.29 1 1
github.com/open-sesam/sesam/repo/repo.go:592.59,593.29 1 1
github.com/open-sesam/sesam/repo/repo.go:593.29,595.3 1 1
github.com/open-sesam/sesam/repo/repo.go:597.2,600.18 3 1
github.com/open-sesam/sesam/repo/repo.go:600.18,602.3 1 0
github.com/open-sesam/sesam/repo/repo.go:604.2,604.49 1 1
github.com/open-sesam/sesam/repo/repo.go:604.49,608.35 2 1
github.com/open-sesam/sesam/repo/repo.go:608.35,611.18 3 1
github.com/open-sesam/sesam/repo/repo.go:611.18,613.5 1 0
github.com/open-sesam/sesam/repo/repo.go:614.4,614.39 1 1
github.com/open-sesam/sesam/repo/repo.go:618.3,618.31 1 1
github.com/open-sesam/sesam/repo/repo.go:618.31,620.18 2 1
github.com/open-sesam/sesam/repo/repo.go:620.18,622.5 1 0
github.com/open-sesam/sesam/repo/repo.go:623.4,623.53 1 1
github.com/open-sesam/sesam/repo/repo.go:623.53,625.5 1 0
github.com/open-sesam/sesam/repo/repo.go:629.3,629.23 1 1
github.com/open-sesam/sesam/repo/repo.go:629.23,630.45 1 1
github.com/open-sesam/sesam/repo/repo.go:630.45,632.5 1 0
github.com/open-sesam/sesam/repo/repo.go:634.3,634.29 1 1
github.com/open-sesam/sesam/repo/repo.go:666.36,667.16 1 1
github.com/open-sesam/sesam/repo/repo.go:667.16,669.3 1 1
github.com/open-sesam/sesam/repo/repo.go:670.2,670.49 1 1
github.com/open-sesam/sesam/repo/repo.go:670.49,672.3 1 0
github.com/open-sesam/sesam/repo/repo.go:673.2,673.13 1 1
github.com/open-sesam/sesam/repo/repo.go:681.66,685.18 3 1
github.com/open-sesam/sesam/repo/repo.go:685.18,687.3 1 0
github.com/open-sesam/sesam/repo/repo.go:689.2,691.20 2 1
github.com/open-sesam/sesam/repo/repo.go:691.20,693.3 1 1
github.com/open-sesam/sesam/repo/repo.go:696.2,700.20 4 1
github.com/open-sesam/sesam/repo/repo.go:705.41,709.18 3 1
github.com/open-sesam/sesam/repo/repo.go:709.18,711.3 1 0
github.com/open-sesam/sesam/repo/repo.go:713.2,714.16 2 1
github.com/open-sesam/sesam/repo/repo.go:714.16,716.3 1 0
github.com/open-sesam/sesam/repo/repo.go:717.2,717.20 1 1
github.com/open-sesam/sesam/repo/smudge.go:84.98,88.52 3 1
github.com/open-sesam/sesam/repo/smudge.go:88.52,90.3 1 0
github.com/open-sesam/sesam/repo/smudge.go:92.2,92.64 1 1
github.com/open-sesam/sesam/repo/smudge.go:92.64,94.3 1 1
github.com/open-sesam/sesam/repo/smudge.go:96.2,96.23 1 1
github.com/open-sesam/sesam/repo/smudge.go:96.23,98.17 2 1
github.com/open-sesam/sesam/repo/smudge.go:98.17,100.4 1 0
github.com/open-sesam/sesam/repo/smudge.go:101.3,101.10 1 1
github.com/open-sesam/sesam/repo/smudge.go:101.10,104.4 1 1
github.com/open-sesam/sesam/repo/smudge.go:106.3,106.37 1 1
github.com/open-sesam/sesam/repo/smudge.go:106.37,113.4 3 1
github.com/open-sesam/sesam/repo/smudge.go:115.3,115.86 1 1
github.com/open-sesam/sesam/repo/smudge.go:115.86,117.4 1 0
github.com/open-sesam/sesam/repo/smudge.go:120.2,120.18 1 0
github.com/open-sesam/sesam/repo/smudge.go:136.80,137.47 1 1
github.com/open-sesam/sesam/repo/smudge.go:137.47,139.3 1 1
github.com/open-sesam/sesam/repo/smudge.go:140.2,141.13 2 1
github.com/open-sesam/sesam/repo/smudge.go:141.13,143.3 1 0
github.com/open-sesam/sesam/repo/smudge.go:144.2,145.20 2 1
github.com/open-sesam/sesam/repo/smudge.go:145.20,147.3 1 1
github.com/open-sesam/sesam/repo/smudge.go:148.2,149.37 2 1
github.com/open-sesam/sesam/repo/smudge.go:154.74,155.65 1 1
github.com/open-sesam/sesam/repo/smudge.go:155.65,157.3 1 0
github.com/open-sesam/sesam/repo/smudge.go:158.2,158.57 1 1
github.com/open-sesam/sesam/repo/smudge.go:158.57,160.3 1 0
github.com/open-sesam/sesam/repo/smudge.go:161.2,161.45 1 1
github.com/open-sesam/sesam/repo/smudge.go:161.45,163.3 1 0
github.com/open-sesam/sesam/repo/smudge.go:165.2,165.68 1 1
github.com/open-sesam/sesam/repo/smudge.go:165.68,167.3 1 0
github.com/open-sesam/sesam/repo/smudge.go:168.2,168.60 1 1
github.com/open-sesam/sesam/repo/smudge.go:168.60,170.3 1 0
github.com/open-sesam/sesam/repo/smudge.go:171.2,171.24 1 1
github.com/open-sesam/sesam/repo/smudge.go:177.86,179.6 2 1
github.com/open-sesam/sesam/repo/smudge.go:179.6,181.17 2 1
github.com/open-sesam/sesam/repo/smudge.go:181.17,183.4 1 0
github.com/open-sesam/sesam/repo/smudge.go:184.3,184.10 1 1
github.com/open-sesam/sesam/repo/smudge.go:184.10,186.4 1 0
github.com/open-sesam/sesam/repo/smudge.go:187.3,187.20 1 1
github.com/open-sesam/sesam/repo/smudge.go:187.20,188.9 1 1
github.com/open-sesam/sesam/repo/smudge.go:190.3,191.42 2 1
github.com/open-sesam/sesam/repo/smudge.go:191.42,193.4 1 0
github.com/open-sesam/sesam/repo/smudge.go:194.3,194.57 1 1
github.com/open-sesam/sesam/repo/smudge.go:197.2,197.27 1 1
github.com/open-sesam/sesam/repo/smudge.go:197.27,199.3 1 1
github.com/open-sesam/sesam/repo/smudge.go:203.2,203.68 1 1
github.com/open-sesam/sesam/repo/smudge.go:203.68,205.3 1 0
github.com/open-sesam/sesam/repo/smudge.go:206.2,206.24 1 1
github.com/open-sesam/sesam/repo/smudge.go:223.77,225.20 2 1
github.com/open-sesam/sesam/repo/smudge.go:225.20,227.17 2 1
github.com/open-sesam/sesam/repo/smudge.go:227.17,229.4 1 0
github.com/open-sesam/sesam/repo/smudge.go:230.3,230.10 1 1
github.com/open-sesam/sesam/repo/smudge.go:230.10,231.14 1 1
github.com/open-sesam/sesam/repo/smudge.go:231.14,233.5 1 1
github.com/open-sesam/sesam/repo/smudge.go:234.4,234.83 1 0
github.com/open-sesam/sesam/repo/smudge.go:236.3,236.20 1 1
github.com/open-sesam/sesam/repo/smudge.go:236.20,238.4 1 1
github.com/open-sesam/sesam/repo/smudge.go:239.3,240.10 2 1
github.com/open-sesam/sesam/repo/smudge.go:240.10,242.4 1 0
github.com/open-sesam/sesam/repo/smudge.go:243.3,243.23 1 1
github.com/open-sesam/sesam/repo/smudge.go:262.127,264.15 2 1
github.com/open-sesam/sesam/repo/smudge.go:264.15,266.3 1 0
github.com/open-sesam/sesam/repo/smudge.go:268.2,268.16 1 1
github.com/open-sesam/sesam/repo/smudge.go:268.16,270.68 2 1
github.com/open-sesam/sesam/repo/smudge.go:270.68,272.4 1 1
github.com/open-sesam/sesam/repo/smudge.go:275.2,275.56 1 1
github.com/open-sesam/sesam/repo/smudge.go:275.56,277.3 1 0
github.com/open-sesam/sesam/repo/smudge.go:279.2,280.16 2 1
github.com/open-sesam/sesam/repo/smudge.go:280.16,282.3 1 0
github.com/open-sesam/sesam/repo/smudge.go:284.2,284.15 1 1
github.com/open-sesam/sesam/repo/smudge.go:284.15,284.38 1 1
github.com/open-sesam/sesam/repo/smudge.go:289.2,289.6 1 1
github.com/open-sesam/sesam/repo/smudge.go:289.6,290.22 1 1
github.com/open-sesam/sesam/repo/smudge.go:290.22,291.40 1 0
github.com/open-sesam/sesam/repo/smudge.go:291.40,293.5 1 0
github.com/open-sesam/sesam/repo/smudge.go:294.4,294.66 1 0
github.com/open-sesam/sesam/repo/smudge.go:296.3,297.22 2 1
github.com/open-sesam/sesam/repo/smudge.go:297.22,298.9 1 1
github.com/open-sesam/sesam/repo/smudge.go:300.3,300.47 1 1
github.com/open-sesam/sesam/repo/smudge.go:300.47,302.4 1 0
github.com/open-sesam/sesam/repo/smudge.go:304.3,304.47 1 1
github.com/open-sesam/sesam/repo/smudge.go:304.47,306.4 1 0
github.com/open-sesam/sesam/repo/smudge.go:310.2,310.40 1 1
github.com/open-sesam/sesam/repo/smudge.go:310.40,312.3 1 0
github.com/open-sesam/sesam/repo/smudge.go:313.2,313.40 1 1
github.com/open-sesam/sesam/repo/smudge.go:313.40,315.3 1 0
github.com/open-sesam/sesam/repo/smudge.go:317.2,317.55 1 1
github.com/open-sesam/sesam/repo/smudge.go:317.55,320.3 2 0
github.com/open-sesam/sesam/repo/smudge.go:322.2,332.9 3 1
github.com/open-sesam/sesam/repo/smudge.go:333.32,343.4 1 0
github.com/open-sesam/sesam/repo/smudge.go:344.18,345.104 1 1
github.com/open-sesam/sesam/repo/smudge.go:346.17,347.88 1 0
github.com/open-sesam/sesam/repo/smudge.go:349.2,349.12 1 1
github.com/open-sesam/sesam/repo/smudge.go:361.118,363.16 2 1
github.com/open-sesam/sesam/repo/smudge.go:363.16,365.3 1 1
github.com/open-sesam/sesam/repo/smudge.go:366.2,375.18 3 0
github.com/open-sesam/sesam/repo/smudge.go:375.18,377.3 1 0
github.com/open-sesam/sesam/repo/smudge.go:378.2,378.27 1 0
github.com/open-sesam/sesam/repo/smudge.go:381.127,383.16 2 1
github.com/open-sesam/sesam/repo/smudge.go:383.16,385.3 1 0
github.com/open-sesam/sesam/repo/smudge.go:386.2,387.16 2 1
github.com/open-sesam/sesam/repo/smudge.go:387.16,389.3 1 0
github.com/open-sesam/sesam/repo/smudge.go:396.2,398.69 2 1
github.com/open-sesam/sesam/repo/smudge.go:398.69,400.3 1 1
github.com/open-sesam/sesam/repo/smudge.go:402.2,402.17 1 1
github.com/open-sesam/sesam/repo/smudge.go:402.17,404.3 1 0
github.com/open-sesam/sesam/repo/smudge.go:406.2,408.16 3 1
github.com/open-sesam/sesam/repo/smudge.go:408.16,410.3 1 0
github.com/open-sesam/sesam/repo/smudge.go:411.2,412.16 2 1
github.com/open-sesam/sesam/repo/smudge.go:412.16,414.3 1 0
github.com/open-sesam/sesam/repo/smudge.go:415.2,415.15 1 1
github.com/open-sesam/sesam/repo/smudge.go:415.15,415.33 1 1
github.com/open-sesam/sesam/repo/smudge.go:417.2,418.16 2 1
github.com/open-sesam/sesam/repo/smudge.go:418.16,420.3 1 0
github.com/open-sesam/sesam/repo/smudge.go:427.2,428.69 2 1
github.com/open-sesam/sesam/repo/smudge.go:428.69,430.3 1 1
github.com/open-sesam/sesam/repo/smudge.go:431.2,431.17 1 1
github.com/open-sesam/sesam/repo/smudge.go:431.17,433.3 1 0
github.com/open-sesam/sesam/repo/smudge.go:434.2,435.16 2 1
github.com/open-sesam/sesam/repo/smudge.go:435.16,437.3 1 0
github.com/open-sesam/sesam/repo/smudge.go:438.2,439.16 2 1
github.com/open-sesam/sesam/repo/smudge.go:439.16,441.3 1 0
github.com/open-sesam/sesam/repo/smudge.go:442.2,444.16 3 1
github.com/open-sesam/sesam/repo/smudge.go:444.16,446.3 1 0
github.com/open-sesam/sesam/repo/smudge.go:447.2,451.16 4 1
github.com/open-sesam/sesam/repo/smudge.go:451.16,453.3 1 0
github.com/open-sesam/sesam/repo/smudge.go:454.2,454.40 1 1
github.com/open-sesam/sesam/repo/smudge.go:457.130,459.16 2 0
github.com/open-sesam/sesam/repo/smudge.go:459.16,461.3 1 0
github.com/open-sesam/sesam/repo/smudge.go:462.2,464.16 3 0
github.com/open-sesam/sesam/repo/smudge.go:464.16,466.3 1 0
github.com/open-sesam/sesam/repo/smudge.go:467.2,467.40 1 0
github.com/open-sesam/sesam/repo/smudge.go:481.119,482.29 1 0
github.com/open-sesam/sesam/repo/smudge.go:482.29,484.3 1 0
github.com/open-sesam/sesam/repo/smudge.go:486.2,487.16 2 0
github.com/open-sesam/sesam/repo/smudge.go:487.16,489.3 1 0
github.com/open-sesam/sesam/repo/smudge.go:491.2,492.16 2 0
github.com/open-sesam/sesam/repo/smudge.go:492.16,494.3 1 0
github.com/open-sesam/sesam/repo/smudge.go:499.2,500.16 2 0
github.com/open-sesam/sesam/repo/smudge.go:500.16,502.3 1 0
github.com/open-sesam/sesam/repo/smudge.go:504.2,512.34 2 0
github.com/open-sesam/sesam/repo/smudge.go:518.67,520.16 2 1
github.com/open-sesam/sesam/repo/smudge.go:520.16,522.3 1 1
github.com/open-sesam/sesam/repo/smudge.go:524.2,524.45 1 0
github.com/open-sesam/sesam/repo/smudge.go:524.45,526.3 1 0
github.com/open-sesam/sesam/repo/smudge.go:528.2,528.59 1 0
github.com/open-sesam/sesam/repo/smudge.go:535.68,537.51 2 1
github.com/open-sesam/sesam/repo/smudge.go:537.51,539.3 1 0
github.com/open-sesam/sesam/repo/smudge.go:540.2,541.16 2 1
github.com/open-sesam/sesam/repo/smudge.go:541.16,543.3 1 0
github.com/open-sesam/sesam/repo/smudge.go:544.2,544.15 1 1
github.com/open-sesam/sesam/repo/smudge.go:547.65,548.72 1 1
github.com/open-sesam/sesam/repo/smudge.go:548.72,550.3 1 0
github.com/open-sesam/sesam/repo/smudge.go:551.2,551.24 1 1
github.com/open-sesam/sesam/repo/smudge.go:554.67,556.54 2 1
github.com/open-sesam/sesam/repo/smudge.go:556.54,558.3 1 0
github.com/open-sesam/sesam/repo/smudge.go:560.2,560.24 1 1
github.com/open-sesam/sesam/repo/smudge.go:566.63,567.21 1 1
github.com/open-sesam/sesam/repo/smudge.go:567.21,568.39 1 1
github.com/open-sesam/sesam/repo/smudge.go:568.39,570.4 1 0
github.com/open-sesam/sesam/repo/smudge.go:571.3,571.24 1 1
github.com/open-sesam/sesam/repo/smudge.go:573.2,573.68 1 1
github.com/open-sesam/sesam/repo/smudge.go:576.62,578.16 2 1
github.com/open-sesam/sesam/repo/smudge.go:578.16,580.3 1 0
github.com/open-sesam/sesam/repo/smudge.go:581.2,581.9 1 1
github.com/open-sesam/sesam/repo/smudge.go:581.9,583.3 1 0
github.com/open-sesam/sesam/repo/smudge.go:584.2,584.21 1 1
github.com/open-sesam/sesam/repo/smudge.go:584.21,586.3 1 0
github.com/open-sesam/sesam/repo/smudge.go:587.2,587.12 1 1
github.com/open-sesam/sesam/repo/smudge.go:590.50,592.16 2 1
github.com/open-sesam/sesam/repo/smudge.go:592.16,594.3 1 0
github.com/open-sesam/sesam/repo/smudge.go:595.2,595.9 1 1
github.com/open-sesam/sesam/repo/smudge.go:595.9,597.3 1 0
github.com/open-sesam/sesam/repo/smudge.go:598.2,598.19 1 1
github.com/open-sesam/sesam/repo/smudge.go:598.19,600.3 1 0
github.com/open-sesam/sesam/repo/smudge.go:601.2,601.12 1 1
github.com/open-sesam/sesam/repo/util.go:14.49,15.9 1 1
github.com/open-sesam/sesam/repo/util.go:16.19,18.17 2 1
github.com/open-sesam/sesam/repo/util.go:18.17,20.4 1 0
github.com/open-sesam/sesam/repo/util.go:22.3,22.22 1 1
github.com/open-sesam/sesam/repo/util.go:23.37,25.17 2 1
github.com/open-sesam/sesam/repo/util.go:25.17,27.4 1 0
github.com/open-sesam/sesam/repo/util.go:29.3,29.69 1 1
github.com/open-sesam/sesam/repo/util.go:30.10,31.19 1 1
github.com/open-sesam/sesam/repo/util.go:35.115,36.38 1 1
github.com/open-sesam/sesam/repo/util.go:36.38,38.17 2 1
github.com/open-sesam/sesam/repo/util.go:38.17,40.4 1 1
github.com/open-sesam/sesam/repo/util.go:43.2,43.73 1 1
github.com/open-sesam/sesam/repo/util.go:49.118,54.2 1 1
github.com/open-sesam/sesam/repo/util.go:60.129,64.2 1 1
github.com/open-sesam/sesam/repo/util.go:66.133,67.29 1 1
github.com/open-sesam/sesam/repo/util.go:67.29,69.3 1 1
github.com/open-sesam/sesam/repo/util.go:71.2,72.45 2 1
github.com/open-sesam/sesam/repo/util.go:72.45,73.44 1 1
github.com/open-sesam/sesam/repo/util.go:73.44,75.4 1 1
github.com/open-sesam/sesam/repo/util.go:77.3,78.17 2 1
github.com/open-sesam/sesam/repo/util.go:78.17,80.4 1 0
github.com/open-sesam/sesam/repo/util.go:82.3,84.17 3 1
github.com/open-sesam/sesam/repo/util.go:84.17,86.4 1 1
github.com/open-sesam/sesam/repo/util.go:88.3,90.17 3 1
github.com/open-sesam/sesam/repo/util.go:90.17,92.4 1 0
github.com/open-sesam/sesam/repo/util.go:94.3,94.44 1 1
github.com/open-sesam/sesam/repo/util.go:96.2,96.24 1 1
github.com/open-sesam/sesam/repo/util.go:102.60,104.16 2 1
github.com/open-sesam/sesam/repo/util.go:104.16,106.3 1 1
github.com/open-sesam/sesam/repo/util.go:107.2,107.18 1 1
