mode: set
github.com/open-sesam/sesam/config/add.go:38.100,42.16 3 1
github.com/open-sesam/sesam/config/add.go:42.16,44.3 1 1
github.com/open-sesam/sesam/config/add.go:46.2,46.18 1 1
github.com/open-sesam/sesam/config/add.go:46.18,48.3 1 1
github.com/open-sesam/sesam/config/add.go:48.8,50.3 1 1
github.com/open-sesam/sesam/config/add.go:51.2,51.16 1 1
github.com/open-sesam/sesam/config/add.go:51.16,53.3 1 0
github.com/open-sesam/sesam/config/add.go:55.2,58.23 3 1
github.com/open-sesam/sesam/config/add.go:58.23,59.17 1 1
github.com/open-sesam/sesam/config/add.go:59.17,61.4 1 1
github.com/open-sesam/sesam/config/add.go:63.2,65.19 2 1
github.com/open-sesam/sesam/config/add.go:73.94,74.13 1 1
github.com/open-sesam/sesam/config/add.go:74.13,76.3 1 1
github.com/open-sesam/sesam/config/add.go:78.2,79.16 2 1
github.com/open-sesam/sesam/config/add.go:79.16,81.3 1 0
github.com/open-sesam/sesam/config/add.go:83.2,83.53 1 1
github.com/open-sesam/sesam/config/add.go:83.53,85.3 1 1
github.com/open-sesam/sesam/config/add.go:87.2,87.37 1 0
github.com/open-sesam/sesam/config/add.go:94.82,97.82 2 1
github.com/open-sesam/sesam/config/add.go:97.82,98.17 1 1
github.com/open-sesam/sesam/config/add.go:98.17,100.4 1 0
github.com/open-sesam/sesam/config/add.go:104.3,104.55 1 1
github.com/open-sesam/sesam/config/add.go:104.55,105.17 1 0
github.com/open-sesam/sesam/config/add.go:105.17,107.5 1 0
github.com/open-sesam/sesam/config/add.go:108.4,108.14 1 0
github.com/open-sesam/sesam/config/add.go:111.3,111.43 1 1
github.com/open-sesam/sesam/config/add.go:111.43,113.4 1 1
github.com/open-sesam/sesam/config/add.go:115.3,116.17 2 1
github.com/open-sesam/sesam/config/add.go:116.17,118.4 1 0
github.com/open-sesam/sesam/config/add.go:120.3,120.46 1 1
github.com/open-sesam/sesam/config/add.go:127.96,130.56 1 1
github.com/open-sesam/sesam/config/add.go:130.56,132.3 1 1
github.com/open-sesam/sesam/config/add.go:134.2,138.42 4 1
github.com/open-sesam/sesam/config/add.go:138.42,141.17 3 1
github.com/open-sesam/sesam/config/add.go:141.17,143.4 1 0
github.com/open-sesam/sesam/config/add.go:145.3,145.54 1 1
github.com/open-sesam/sesam/config/add.go:145.54,147.4 1 0
github.com/open-sesam/sesam/config/add.go:149.3,149.10 1 1
github.com/open-sesam/sesam/config/add.go:153.2,154.16 2 1
github.com/open-sesam/sesam/config/add.go:154.16,156.3 1 0
github.com/open-sesam/sesam/config/add.go:158.2,158.38 1 1
github.com/open-sesam/sesam/config/add.go:163.68,165.16 2 1
github.com/open-sesam/sesam/config/add.go:165.16,167.3 1 0
github.com/open-sesam/sesam/config/add.go:169.2,169.65 1 1
github.com/open-sesam/sesam/config/add.go:169.65,171.3 1 1
github.com/open-sesam/sesam/config/add.go:173.2,173.45 1 1
github.com/open-sesam/sesam/config/add.go:181.94,183.35 2 1
github.com/open-sesam/sesam/config/add.go:183.35,185.3 1 1
github.com/open-sesam/sesam/config/add.go:187.2,187.75 1 1
github.com/open-sesam/sesam/config/add.go:195.97,197.16 2 1
github.com/open-sesam/sesam/config/add.go:197.16,199.3 1 0
github.com/open-sesam/sesam/config/add.go:201.2,203.32 3 1
github.com/open-sesam/sesam/config/add.go:203.32,205.35 2 1
github.com/open-sesam/sesam/config/add.go:205.35,206.12 1 0
github.com/open-sesam/sesam/config/add.go:209.3,209.44 1 1
github.com/open-sesam/sesam/config/add.go:209.44,210.12 1 1
github.com/open-sesam/sesam/config/add.go:213.3,213.20 1 1
github.com/open-sesam/sesam/config/add.go:213.20,215.4 1 1
github.com/open-sesam/sesam/config/add.go:215.9,217.4 1 1
github.com/open-sesam/sesam/config/add.go:220.2,221.33 2 1
github.com/open-sesam/sesam/config/add.go:221.33,223.17 2 1
github.com/open-sesam/sesam/config/add.go:223.17,225.4 1 0
github.com/open-sesam/sesam/config/add.go:227.3,227.20 1 1
github.com/open-sesam/sesam/config/add.go:227.20,228.12 1 0
github.com/open-sesam/sesam/config/add.go:231.3,232.17 2 1
github.com/open-sesam/sesam/config/add.go:232.17,234.4 1 0
github.com/open-sesam/sesam/config/add.go:236.3,236.41 1 1
github.com/open-sesam/sesam/config/add.go:239.2,239.46 1 1
github.com/open-sesam/sesam/config/add.go:239.46,241.3 1 0
github.com/open-sesam/sesam/config/add.go:243.2,245.16 3 1
github.com/open-sesam/sesam/config/add.go:245.16,247.3 1 0
github.com/open-sesam/sesam/config/add.go:249.2,249.29 1 1
github.com/open-sesam/sesam/config/add.go:249.29,250.56 1 1
github.com/open-sesam/sesam/config/add.go:250.56,252.4 1 0
github.com/open-sesam/sesam/config/add.go:255.2,256.49 2 1
github.com/open-sesam/sesam/config/add.go:256.49,258.3 1 0
github.com/open-sesam/sesam/config/add.go:260.2,260.34 1 1
github.com/open-sesam/sesam/config/add.go:260.34,261.24 1 1
github.com/open-sesam/sesam/config/add.go:261.24,262.12 1 0
github.com/open-sesam/sesam/config/add.go:264.3,264.51 1 1
github.com/open-sesam/sesam/config/add.go:264.51,266.4 1 0
github.com/open-sesam/sesam/config/add.go:269.2,269.23 1 1
github.com/open-sesam/sesam/config/add.go:275.75,276.45 1 1
github.com/open-sesam/sesam/config/add.go:276.45,278.3 1 1
github.com/open-sesam/sesam/config/add.go:280.2,280.41 1 1
github.com/open-sesam/sesam/config/add.go:280.41,282.3 1 0
github.com/open-sesam/sesam/config/add.go:284.2,284.29 1 1
github.com/open-sesam/sesam/config/add.go:290.61,294.2 3 1
github.com/open-sesam/sesam/config/add.go:298.85,300.2 1 1
github.com/open-sesam/sesam/config/kill.go:14.52,17.53 2 0
github.com/open-sesam/sesam/config/kill.go:17.53,18.36 1 0
github.com/open-sesam/sesam/config/kill.go:18.36,20.10 2 0
github.com/open-sesam/sesam/config/kill.go:20.10,22.57 2 0
github.com/open-sesam/sesam/config/kill.go:22.57,24.14 2 0
github.com/open-sesam/sesam/config/kill.go:27.4,27.7 1 0
github.com/open-sesam/sesam/config/kill.go:31.2,31.57 1 0
github.com/open-sesam/sesam/config/kill.go:31.57,32.39 1 0
github.com/open-sesam/sesam/config/kill.go:32.39,34.11 2 0
github.com/open-sesam/sesam/config/kill.go:34.11,36.13 2 0
github.com/open-sesam/sesam/config/kill.go:39.4,40.39 2 0
github.com/open-sesam/sesam/config/kill.go:40.39,44.13 2 0
github.com/open-sesam/sesam/config/kill.go:46.4,46.7 1 0
github.com/open-sesam/sesam/config/kill.go:50.2,50.12 1 0
github.com/open-sesam/sesam/config/kill.go:55.60,57.35 2 0
github.com/open-sesam/sesam/config/kill.go:57.35,58.45 1 0
github.com/open-sesam/sesam/config/kill.go:58.45,61.12 3 0
github.com/open-sesam/sesam/config/kill.go:63.3,63.6 1 0
github.com/open-sesam/sesam/config/kill.go:65.2,65.16 1 0
github.com/open-sesam/sesam/config/parser.go:51.51,59.16 3 1
github.com/open-sesam/sesam/config/parser.go:59.16,61.3 1 0
github.com/open-sesam/sesam/config/parser.go:62.2,65.16 3 1
github.com/open-sesam/sesam/config/parser.go:65.16,67.3 1 0
github.com/open-sesam/sesam/config/parser.go:68.2,73.54 2 1
github.com/open-sesam/sesam/config/parser.go:73.54,75.3 1 1
github.com/open-sesam/sesam/config/parser.go:77.2,77.24 1 1
github.com/open-sesam/sesam/config/parser.go:81.50,83.16 2 1
github.com/open-sesam/sesam/config/parser.go:83.16,85.3 1 0
github.com/open-sesam/sesam/config/parser.go:87.2,88.16 2 1
github.com/open-sesam/sesam/config/parser.go:88.16,90.3 1 0
github.com/open-sesam/sesam/config/parser.go:92.2,93.58 2 1
github.com/open-sesam/sesam/config/parser.go:93.58,95.3 1 0
github.com/open-sesam/sesam/config/parser.go:97.2,97.33 1 1
github.com/open-sesam/sesam/config/parser.go:102.63,104.16 2 1
github.com/open-sesam/sesam/config/parser.go:104.16,106.3 1 0
github.com/open-sesam/sesam/config/parser.go:108.2,109.16 2 1
github.com/open-sesam/sesam/config/parser.go:109.16,111.3 1 0
github.com/open-sesam/sesam/config/parser.go:113.2,113.52 1 1
github.com/open-sesam/sesam/config/parser.go:113.52,115.3 1 0
github.com/open-sesam/sesam/config/parser.go:117.2,117.12 1 1
github.com/open-sesam/sesam/config/parser.go:122.71,125.16 2 1
github.com/open-sesam/sesam/config/parser.go:125.16,127.3 1 0
github.com/open-sesam/sesam/config/parser.go:129.2,130.16 2 1
github.com/open-sesam/sesam/config/parser.go:130.16,132.3 1 0
github.com/open-sesam/sesam/config/parser.go:133.2,133.53 1 1
github.com/open-sesam/sesam/config/parser.go:133.53,135.3 1 0
github.com/open-sesam/sesam/config/parser.go:139.2,140.49 2 1
github.com/open-sesam/sesam/config/parser.go:140.49,142.3 1 0
github.com/open-sesam/sesam/config/parser.go:143.2,143.46 1 1
github.com/open-sesam/sesam/config/parser.go:143.46,145.3 1 0
github.com/open-sesam/sesam/config/parser.go:147.2,147.66 1 1
github.com/open-sesam/sesam/config/parser.go:152.71,153.45 1 1
github.com/open-sesam/sesam/config/parser.go:153.45,155.3 1 1
github.com/open-sesam/sesam/config/parser.go:157.2,158.16 2 1
github.com/open-sesam/sesam/config/parser.go:158.16,160.3 1 0
github.com/open-sesam/sesam/config/parser.go:161.2,163.49 2 1
github.com/open-sesam/sesam/config/parser.go:163.49,165.42 2 1
github.com/open-sesam/sesam/config/parser.go:165.42,167.4 1 0
github.com/open-sesam/sesam/config/parser.go:170.2,170.17 1 1
github.com/open-sesam/sesam/config/parser.go:176.67,178.2 1 1
github.com/open-sesam/sesam/config/parser.go:184.109,185.24 1 1
github.com/open-sesam/sesam/config/parser.go:185.24,187.3 1 1
github.com/open-sesam/sesam/config/parser.go:188.2,192.16 4 1
github.com/open-sesam/sesam/config/parser.go:192.16,194.3 1 0
github.com/open-sesam/sesam/config/parser.go:196.2,197.34 2 1
github.com/open-sesam/sesam/config/parser.go:197.34,199.10 2 1
github.com/open-sesam/sesam/config/parser.go:199.10,201.4 1 0
github.com/open-sesam/sesam/config/parser.go:203.3,203.42 1 1
github.com/open-sesam/sesam/config/parser.go:203.42,206.11 3 1
github.com/open-sesam/sesam/config/parser.go:206.11,208.5 1 0
github.com/open-sesam/sesam/config/parser.go:210.4,211.18 2 1
github.com/open-sesam/sesam/config/parser.go:211.18,213.5 1 1
github.com/open-sesam/sesam/config/parser.go:214.4,215.12 2 1
github.com/open-sesam/sesam/config/parser.go:218.3,219.55 2 1
github.com/open-sesam/sesam/config/parser.go:219.55,221.4 1 0
github.com/open-sesam/sesam/config/parser.go:223.3,223.72 1 1
github.com/open-sesam/sesam/config/parser.go:226.2,226.17 1 1
github.com/open-sesam/sesam/config/parser.go:240.67,242.36 2 1
github.com/open-sesam/sesam/config/parser.go:242.36,243.37 1 1
github.com/open-sesam/sesam/config/parser.go:243.37,245.4 1 1
github.com/open-sesam/sesam/config/parser.go:247.2,247.12 1 1
github.com/open-sesam/sesam/config/parser.go:252.56,254.16 2 1
github.com/open-sesam/sesam/config/parser.go:254.16,256.3 1 0
github.com/open-sesam/sesam/config/parser.go:258.2,259.28 2 1
github.com/open-sesam/sesam/config/parser.go:259.28,261.3 1 1
github.com/open-sesam/sesam/config/parser.go:262.2,262.17 1 1
github.com/open-sesam/sesam/config/parser.go:267.52,269.16 2 1
github.com/open-sesam/sesam/config/parser.go:269.16,271.3 1 1
github.com/open-sesam/sesam/config/parser.go:273.2,274.34 2 1
github.com/open-sesam/sesam/config/parser.go:274.34,276.10 2 1
github.com/open-sesam/sesam/config/parser.go:276.10,278.4 1 0
github.com/open-sesam/sesam/config/parser.go:280.3,281.55 2 1
github.com/open-sesam/sesam/config/parser.go:281.55,283.4 1 0
github.com/open-sesam/sesam/config/parser.go:284.3,284.27 1 1
github.com/open-sesam/sesam/config/parser.go:287.2,287.19 1 1
github.com/open-sesam/sesam/config/parser.go:292.66,294.16 2 1
github.com/open-sesam/sesam/config/parser.go:294.16,297.3 1 0
github.com/open-sesam/sesam/config/parser.go:299.2,300.53 2 1
github.com/open-sesam/sesam/config/parser.go:300.53,302.3 1 0
github.com/open-sesam/sesam/config/parser.go:303.2,303.20 1 1
github.com/open-sesam/sesam/config/parser.go:310.41,311.36 1 1
github.com/open-sesam/sesam/config/parser.go:311.36,312.42 1 1
github.com/open-sesam/sesam/config/parser.go:312.42,314.4 1 0
github.com/open-sesam/sesam/config/parser.go:317.2,317.12 1 1
github.com/open-sesam/sesam/config/parser.go:325.61,326.25 1 1
github.com/open-sesam/sesam/config/parser.go:326.25,328.3 1 0
github.com/open-sesam/sesam/config/parser.go:330.2,331.35 2 1
github.com/open-sesam/sesam/config/parser.go:331.35,333.3 1 1
github.com/open-sesam/sesam/config/parser.go:337.2,338.58 2 1
github.com/open-sesam/sesam/config/parser.go:338.58,340.3 1 0
github.com/open-sesam/sesam/config/parser.go:341.2,341.50 1 1
github.com/open-sesam/sesam/config/parser.go:341.50,343.3 1 0
github.com/open-sesam/sesam/config/parser.go:345.2,345.57 1 1
github.com/open-sesam/sesam/config/parser.go:353.43,355.16 2 1
github.com/open-sesam/sesam/config/parser.go:355.16,357.3 1 0
github.com/open-sesam/sesam/config/parser.go:359.2,360.34 2 1
github.com/open-sesam/sesam/config/parser.go:360.34,362.10 2 1
github.com/open-sesam/sesam/config/parser.go:362.10,363.12 1 0
github.com/open-sesam/sesam/config/parser.go:365.3,365.36 1 1
github.com/open-sesam/sesam/config/parser.go:365.36,367.4 1 1
github.com/open-sesam/sesam/config/parser.go:369.2,369.14 1 1
github.com/open-sesam/sesam/config/parser.go:374.43,376.16 2 1
github.com/open-sesam/sesam/config/parser.go:376.16,378.3 1 1
github.com/open-sesam/sesam/config/parser.go:380.2,381.34 2 1
github.com/open-sesam/sesam/config/parser.go:381.34,383.10 2 1
github.com/open-sesam/sesam/config/parser.go:383.10,384.12 1 0
github.com/open-sesam/sesam/config/parser.go:386.3,386.40 1 1
github.com/open-sesam/sesam/config/parser.go:386.40,387.12 1 1
github.com/open-sesam/sesam/config/parser.go:390.3,391.37 2 1
github.com/open-sesam/sesam/config/parser.go:391.37,393.4 1 1
github.com/open-sesam/sesam/config/parser.go:395.2,395.12 1 1
github.com/open-sesam/sesam/config/parser.go:398.58,400.16 2 1
github.com/open-sesam/sesam/config/parser.go:400.16,402.3 1 1
github.com/open-sesam/sesam/config/parser.go:404.2,405.9 2 1
github.com/open-sesam/sesam/config/parser.go:405.9,407.3 1 0
github.com/open-sesam/sesam/config/parser.go:409.2,409.17 1 1
github.com/open-sesam/sesam/config/parser.go:414.58,416.16 2 1
github.com/open-sesam/sesam/config/parser.go:416.16,418.3 1 1
github.com/open-sesam/sesam/config/parser.go:420.2,421.9 2 1
github.com/open-sesam/sesam/config/parser.go:421.9,423.3 1 0
github.com/open-sesam/sesam/config/parser.go:425.2,425.15 1 1
github.com/open-sesam/sesam/config/parser.go:430.60,432.16 2 1
github.com/open-sesam/sesam/config/parser.go:432.16,434.3 1 1
github.com/open-sesam/sesam/config/parser.go:436.2,437.9 2 1
github.com/open-sesam/sesam/config/parser.go:437.9,439.3 1 0
github.com/open-sesam/sesam/config/parser.go:441.2,441.17 1 1
github.com/open-sesam/sesam/config/parser.go:446.77,447.30 1 1
github.com/open-sesam/sesam/config/parser.go:447.30,448.29 1 1
github.com/open-sesam/sesam/config/parser.go:448.29,450.4 1 1
github.com/open-sesam/sesam/config/parser.go:453.2,453.12 1 1
github.com/open-sesam/sesam/config/parser.go:460.78,461.45 1 1
github.com/open-sesam/sesam/config/parser.go:461.45,462.29 1 1
github.com/open-sesam/sesam/config/parser.go:462.29,464.4 1 1
github.com/open-sesam/sesam/config/parser.go:467.2,467.51 1 1
github.com/open-sesam/sesam/config/parser.go:474.63,475.26 1 1
github.com/open-sesam/sesam/config/parser.go:476.24,477.18 1 1
github.com/open-sesam/sesam/config/parser.go:478.29,479.36 1 0
github.com/open-sesam/sesam/config/parser.go:480.10,481.13 1 1
github.com/open-sesam/sesam/config/parser.go:485.53,486.30 1 1
github.com/open-sesam/sesam/config/parser.go:486.30,490.35 1 1
github.com/open-sesam/sesam/config/parser.go:490.35,492.4 1 1
github.com/open-sesam/sesam/config/parser.go:495.2,495.18 1 1
github.com/open-sesam/sesam/config/parser.go:505.64,506.21 1 1
github.com/open-sesam/sesam/config/parser.go:506.21,508.3 1 0
github.com/open-sesam/sesam/config/parser.go:511.2,511.25 1 1
github.com/open-sesam/sesam/config/parser.go:511.25,513.17 2 1
github.com/open-sesam/sesam/config/parser.go:513.17,515.4 1 0
github.com/open-sesam/sesam/config/parser.go:516.3,517.13 2 1
github.com/open-sesam/sesam/config/parser.go:520.2,521.16 2 1
github.com/open-sesam/sesam/config/parser.go:521.16,524.3 1 0
github.com/open-sesam/sesam/config/parser.go:526.2,527.16 2 1
github.com/open-sesam/sesam/config/parser.go:527.16,529.3 1 0
github.com/open-sesam/sesam/config/parser.go:533.2,534.12 2 1
github.com/open-sesam/sesam/config/parser.go:541.50,543.9 2 1
github.com/open-sesam/sesam/config/parser.go:543.9,545.10 2 0
github.com/open-sesam/sesam/config/parser.go:545.10,547.4 1 0
github.com/open-sesam/sesam/config/parser.go:548.3,549.24 2 0
github.com/open-sesam/sesam/config/parser.go:552.2,553.16 2 1
github.com/open-sesam/sesam/config/parser.go:553.16,555.3 1 0
github.com/open-sesam/sesam/config/parser.go:557.2,558.12 2 1
github.com/open-sesam/sesam/config/parser.go:562.71,564.31 2 1
github.com/open-sesam/sesam/config/parser.go:564.31,566.3 1 1
github.com/open-sesam/sesam/config/parser.go:568.2,569.28 2 1
github.com/open-sesam/sesam/config/parser.go:569.28,570.18 1 1
github.com/open-sesam/sesam/config/parser.go:570.18,572.4 1 1
github.com/open-sesam/sesam/config/parser.go:575.2,575.23 1 1
github.com/open-sesam/sesam/config/parser.go:575.23,577.3 1 0
github.com/open-sesam/sesam/config/parser.go:579.2,580.16 2 1
github.com/open-sesam/sesam/config/parser.go:580.16,582.3 1 0
github.com/open-sesam/sesam/config/parser.go:584.2,585.12 2 1
github.com/open-sesam/sesam/config/parser.go:593.51,594.35 1 1
github.com/open-sesam/sesam/config/parser.go:594.35,596.3 1 0
github.com/open-sesam/sesam/config/parser.go:598.2,601.12 3 1
github.com/open-sesam/sesam/config/parser.go:601.12,605.19 2 1
github.com/open-sesam/sesam/config/parser.go:605.19,607.4 1 1
github.com/open-sesam/sesam/config/parser.go:608.3,610.19 2 1
github.com/open-sesam/sesam/config/parser.go:610.19,612.4 1 1
github.com/open-sesam/sesam/config/parser.go:613.3,613.37 1 1
github.com/open-sesam/sesam/config/parser.go:613.37,617.4 1 1
github.com/open-sesam/sesam/config/parser.go:618.3,618.9 1 1
github.com/open-sesam/sesam/config/parser.go:621.2,621.18 1 1
github.com/open-sesam/sesam/config/parser.go:621.18,623.3 1 1
github.com/open-sesam/sesam/config/parser.go:633.51,635.16 2 1
github.com/open-sesam/sesam/config/parser.go:635.16,637.3 1 0
github.com/open-sesam/sesam/config/parser.go:639.2,640.9 2 1
github.com/open-sesam/sesam/config/parser.go:640.9,642.3 1 0
github.com/open-sesam/sesam/config/parser.go:644.2,644.17 1 1
github.com/open-sesam/sesam/config/parser.go:649.54,651.16 2 1
github.com/open-sesam/sesam/config/parser.go:651.16,653.3 1 0
github.com/open-sesam/sesam/config/parser.go:655.2,656.9 2 1
github.com/open-sesam/sesam/config/parser.go:656.9,658.3 1 0
github.com/open-sesam/sesam/config/parser.go:660.2,660.15 1 1
github.com/open-sesam/sesam/config/parser.go:667.43,669.16 2 1
github.com/open-sesam/sesam/config/parser.go:669.16,671.3 1 0
github.com/open-sesam/sesam/config/parser.go:673.2,674.16 2 1
github.com/open-sesam/sesam/config/parser.go:674.16,676.3 1 0
github.com/open-sesam/sesam/config/parser.go:678.2,678.25 1 1
github.com/open-sesam/sesam/config/parser.go:678.25,680.3 1 0
github.com/open-sesam/sesam/config/parser.go:682.2,682.31 1 1
github.com/open-sesam/sesam/config/remove.go:28.73,30.16 2 1
github.com/open-sesam/sesam/config/remove.go:30.16,32.3 1 1
github.com/open-sesam/sesam/config/remove.go:34.2,37.16 3 1
github.com/open-sesam/sesam/config/remove.go:37.16,39.3 1 0
github.com/open-sesam/sesam/config/remove.go:41.2,42.28 2 1
github.com/open-sesam/sesam/config/remove.go:42.28,43.59 1 1
github.com/open-sesam/sesam/config/remove.go:43.59,45.4 1 1
github.com/open-sesam/sesam/config/remove.go:48.2,48.23 1 1
github.com/open-sesam/sesam/config/remove.go:48.23,50.3 1 1
github.com/open-sesam/sesam/config/remove.go:52.2,53.28 2 1
github.com/open-sesam/sesam/config/remove.go:53.28,55.3 1 1
github.com/open-sesam/sesam/config/remove.go:59.2,59.28 1 1
github.com/open-sesam/sesam/config/remove.go:59.28,60.54 1 1
github.com/open-sesam/sesam/config/remove.go:60.54,62.4 1 0
github.com/open-sesam/sesam/config/remove.go:67.2,67.46 1 1
github.com/open-sesam/sesam/config/remove.go:67.46,69.3 1 0
github.com/open-sesam/sesam/config/remove.go:71.2,71.26 1 1
github.com/open-sesam/sesam/config/remove.go:76.41,78.2 1 1
github.com/open-sesam/sesam/config/remove.go:83.68,85.18 2 1
github.com/open-sesam/sesam/config/remove.go:85.18,87.3 1 1
github.com/open-sesam/sesam/config/remove.go:89.2,90.16 2 1
github.com/open-sesam/sesam/config/remove.go:90.16,92.3 1 0
github.com/open-sesam/sesam/config/remove.go:94.2,94.80 1 1
github.com/open-sesam/sesam/config/remove.go:99.63,101.16 2 1
github.com/open-sesam/sesam/config/remove.go:101.16,103.3 1 0
github.com/open-sesam/sesam/config/remove.go:105.2,105.60 1 1
github.com/open-sesam/sesam/config/remove.go:105.60,107.3 1 1
github.com/open-sesam/sesam/config/remove.go:108.2,110.12 2 1
github.com/open-sesam/sesam/config/remove.go:117.54,118.6 1 1
github.com/open-sesam/sesam/config/remove.go:118.6,120.40 2 1
github.com/open-sesam/sesam/config/remove.go:120.40,121.25 1 1
github.com/open-sesam/sesam/config/remove.go:121.25,122.13 1 1
github.com/open-sesam/sesam/config/remove.go:125.4,125.26 1 1
github.com/open-sesam/sesam/config/remove.go:125.26,127.5 1 1
github.com/open-sesam/sesam/config/remove.go:130.3,130.24 1 1
github.com/open-sesam/sesam/config/remove.go:130.24,132.4 1 1
github.com/open-sesam/sesam/config/remove.go:134.3,134.32 1 1
github.com/open-sesam/sesam/config/remove.go:134.32,135.47 1 1
github.com/open-sesam/sesam/config/remove.go:135.47,137.5 1 0
github.com/open-sesam/sesam/config/remove.go:144.42,146.16 2 1
github.com/open-sesam/sesam/config/remove.go:146.16,148.3 1 0
github.com/open-sesam/sesam/config/remove.go:150.2,150.29 1 1
github.com/open-sesam/sesam/config/remove.go:155.60,159.63 3 1
github.com/open-sesam/sesam/config/remove.go:159.63,161.3 1 0
github.com/open-sesam/sesam/config/remove.go:163.2,163.12 1 1
github.com/open-sesam/sesam/config/remove.go:168.59,171.36 2 1
github.com/open-sesam/sesam/config/remove.go:171.36,175.17 3 1
github.com/open-sesam/sesam/config/remove.go:175.17,176.12 1 0
github.com/open-sesam/sesam/config/remove.go:179.3,179.36 1 1
github.com/open-sesam/sesam/config/remove.go:179.36,181.10 2 1
github.com/open-sesam/sesam/config/remove.go:181.10,182.97 1 1
github.com/open-sesam/sesam/config/remove.go:182.97,184.14 2 1
github.com/open-sesam/sesam/config/remove.go:187.4,187.7 1 1
github.com/open-sesam/sesam/config/tell.go:14.89,16.16 2 1
github.com/open-sesam/sesam/config/tell.go:16.16,18.3 1 0
github.com/open-sesam/sesam/config/tell.go:20.2,20.26 1 1
github.com/open-sesam/sesam/config/tell.go:20.26,21.21 1 1
github.com/open-sesam/sesam/config/tell.go:21.21,23.4 1 1
github.com/open-sesam/sesam/config/tell.go:26.2,26.66 1 1
github.com/open-sesam/sesam/config/tell.go:26.66,28.3 1 0
github.com/open-sesam/sesam/config/tell.go:30.2,30.36 1 1
github.com/open-sesam/sesam/config/tell.go:30.36,31.55 1 1
github.com/open-sesam/sesam/config/tell.go:31.55,33.4 1 0
github.com/open-sesam/sesam/config/tell.go:36.2,36.12 1 1
github.com/open-sesam/sesam/config/tell.go:41.53,45.16 3 1
github.com/open-sesam/sesam/config/tell.go:45.16,48.3 1 1
github.com/open-sesam/sesam/config/tell.go:50.2,51.16 2 1
github.com/open-sesam/sesam/config/tell.go:51.16,53.3 1 0
github.com/open-sesam/sesam/config/tell.go:55.2,56.12 2 1
github.com/open-sesam/sesam/config/tell.go:63.71,67.16 3 1
github.com/open-sesam/sesam/config/tell.go:67.16,70.3 1 1
github.com/open-sesam/sesam/config/tell.go:72.2,73.15 2 1
github.com/open-sesam/sesam/config/tell.go:73.15,75.17 2 1
github.com/open-sesam/sesam/config/tell.go:75.17,77.4 1 0
github.com/open-sesam/sesam/config/tell.go:79.3,80.13 2 1
github.com/open-sesam/sesam/config/tell.go:83.2,84.9 2 1
github.com/open-sesam/sesam/config/tell.go:84.9,86.3 1 0
github.com/open-sesam/sesam/config/tell.go:88.2,88.65 1 1
github.com/open-sesam/sesam/config/tell.go:88.65,90.3 1 0
github.com/open-sesam/sesam/config/tell.go:92.2,92.12 1 1
github.com/open-sesam/sesam/config/util.go:6.32,9.2 2 1
